[ 2014-12-20T13:02:23+08:00 ] 127.0.0.1 /itaste/
INFO: [ app_init ] --START--
INFO: Run Behavior\BuildLiteBehavior [ RunTime:0.000000s ]
INFO: [ app_init ] --END-- [ RunTime:0.141601s ]
INFO: [ app_begin ] --START--
INFO: Run Behavior\ReadHtmlCacheBehavior [ RunTime:0.018554s ]
INFO: [ app_begin ] --END-- [ RunTime:0.019531s ]
INFO: [ view_parse ] --START--
INFO: [ template_filter ] --START--
INFO: Run Behavior\ContentReplaceBehavior [ RunTime:0.000976s ]
INFO: [ template_filter ] --END-- [ RunTime:0.000976s ]
INFO: Run Behavior\ParseTemplateBehavior [ RunTime:0.117188s ]
INFO: [ view_parse ] --END-- [ RunTime:0.119141s ]
INFO: [ view_filter ] --START--
INFO: Run Behavior\WriteHtmlCacheBehavior [ RunTime:0.015625s ]
INFO: [ view_filter ] --END-- [ RunTime:0.018555s ]
INFO: [ app_end ] --START--
INFO: Run Behavior\ShowPageTraceBehavior [ RunTime:0.021485s ]
INFO: [ app_end ] --END-- [ RunTime:0.022461s ]

[ 2014-12-20T13:07:01+08:00 ] 127.0.0.1 /itaste/admin.php
INFO: [ app_init ] --START--
INFO: Run Behavior\BuildLiteBehavior [ RunTime:0.000000s ]
INFO: [ app_init ] --END-- [ RunTime:0.001953s ]
INFO: [ app_begin ] --START--
INFO: Run Behavior\ReadHtmlCacheBehavior [ RunTime:0.002930s ]
INFO: [ app_begin ] --END-- [ RunTime:0.002930s ]
INFO: [ view_parse ] --START--
INFO: Run Behavior\ParseTemplateBehavior [ RunTime:0.042969s ]
INFO: [ view_parse ] --END-- [ RunTime:0.042969s ]
INFO: [ view_filter ] --START--
INFO: Run Behavior\WriteHtmlCacheBehavior [ RunTime:0.000976s ]
INFO: [ view_filter ] --END-- [ RunTime:0.000976s ]
INFO: [ app_end ] --START--
INFO: Run Behavior\ShowPageTraceBehavior [ RunTime:0.001953s ]
INFO: [ app_end ] --END-- [ RunTime:0.002929s ]

[ 2014-12-20T13:10:39+08:00 ] 127.0.0.1 /itaste/
INFO: [ app_init ] --START--
INFO: Run Behavior\BuildLiteBehavior [ RunTime:0.000000s ]
INFO: [ app_init ] --END-- [ RunTime:0.000976s ]
INFO: [ app_begin ] --START--
INFO: Run Behavior\ReadHtmlCacheBehavior [ RunTime:0.003906s ]
INFO: [ app_begin ] --END-- [ RunTime:0.004883s ]
ERR: 模板不存在:./Apps/Home/View/Index/index.html

[ 2014-12-20T13:26:03+08:00 ] 127.0.0.1 /itaste/
INFO: [ app_init ] --START--
INFO: Run Behavior\BuildLiteBehavior [ RunTime:0.000976s ]
INFO: [ app_init ] --END-- [ RunTime:0.002929s ]
INFO: [ app_begin ] --START--
INFO: Run Behavior\ReadHtmlCacheBehavior [ RunTime:0.001953s ]
INFO: [ app_begin ] --END-- [ RunTime:0.002930s ]
INFO: [ view_parse ] --START--
INFO: [ template_filter ] --START--
INFO: Run Behavior\ContentReplaceBehavior [ RunTime:0.000000s ]
INFO: [ template_filter ] --END-- [ RunTime:0.000976s ]
INFO: Run Behavior\ParseTemplateBehavior [ RunTime:0.033203s ]
INFO: [ view_parse ] --END-- [ RunTime:0.033203s ]
INFO: [ view_filter ] --START--
INFO: Run Behavior\WriteHtmlCacheBehavior [ RunTime:0.000976s ]
INFO: [ view_filter ] --END-- [ RunTime:0.000976s ]
INFO: [ app_end ] --START--
INFO: Run Behavior\ShowPageTraceBehavior [ RunTime:0.000977s ]
INFO: [ app_end ] --END-- [ RunTime:0.001953s ]

[ 2014-12-20T13:26:11+08:00 ] 127.0.0.1 /itaste/
INFO: [ app_init ] --START--
INFO: Run Behavior\BuildLiteBehavior [ RunTime:0.000000s ]
INFO: [ app_init ] --END-- [ RunTime:0.001953s ]
INFO: [ app_begin ] --START--
INFO: Run Behavior\ReadHtmlCacheBehavior [ RunTime:0.000976s ]
INFO: [ app_begin ] --END-- [ RunTime:0.000976s ]
INFO: [ view_parse ] --START--
INFO: [ template_filter ] --START--
INFO: Run Behavior\ContentReplaceBehavior [ RunTime:0.000976s ]
INFO: [ template_filter ] --END-- [ RunTime:0.000976s ]
INFO: Run Behavior\ParseTemplateBehavior [ RunTime:0.026367s ]
INFO: [ view_parse ] --END-- [ RunTime:0.026367s ]
INFO: [ view_filter ] --START--
INFO: Run Behavior\WriteHtmlCacheBehavior [ RunTime:0.000977s ]
INFO: [ view_filter ] --END-- [ RunTime:0.000977s ]
INFO: [ app_end ] --START--
INFO: Run Behavior\ShowPageTraceBehavior [ RunTime:0.006835s ]
INFO: [ app_end ] --END-- [ RunTime:0.006835s ]

[ 2014-12-20T13:26:39+08:00 ] 127.0.0.1 /itaste/
INFO: [ app_init ] --START--
INFO: Run Behavior\BuildLiteBehavior [ RunTime:0.000000s ]
INFO: [ app_init ] --END-- [ RunTime:0.001953s ]
INFO: [ app_begin ] --START--
INFO: Run Behavior\ReadHtmlCacheBehavior [ RunTime:0.000976s ]
INFO: [ app_begin ] --END-- [ RunTime:0.000976s ]
INFO: [ view_parse ] --START--
INFO: [ template_filter ] --START--
INFO: Run Behavior\ContentReplaceBehavior [ RunTime:0.000000s ]
INFO: [ template_filter ] --END-- [ RunTime:0.000977s ]
INFO: Run Behavior\ParseTemplateBehavior [ RunTime:0.027344s ]
INFO: [ view_parse ] --END-- [ RunTime:0.028320s ]
INFO: [ view_filter ] --START--
INFO: Run Behavior\WriteHtmlCacheBehavior [ RunTime:0.000977s ]
INFO: [ view_filter ] --END-- [ RunTime:0.000977s ]
INFO: [ app_end ] --START--
INFO: Run Behavior\ShowPageTraceBehavior [ RunTime:0.005860s ]
INFO: [ app_end ] --END-- [ RunTime:0.005860s ]

[ 2014-12-20T13:29:10+08:00 ] 127.0.0.1 /itaste/
INFO: [ app_init ] --START--
INFO: Run Behavior\BuildLiteBehavior [ RunTime:0.000000s ]
INFO: [ app_init ] --END-- [ RunTime:0.000976s ]
INFO: [ app_begin ] --START--
INFO: Run Behavior\ReadHtmlCacheBehavior [ RunTime:0.000977s ]
INFO: [ app_begin ] --END-- [ RunTime:0.001953s ]
INFO: [ view_parse ] --START--
INFO: [ template_filter ] --START--
INFO: Run Behavior\ContentReplaceBehavior [ RunTime:0.000977s ]
INFO: [ template_filter ] --END-- [ RunTime:0.000977s ]
INFO: Run Behavior\ParseTemplateBehavior [ RunTime:0.030273s ]
INFO: [ view_parse ] --END-- [ RunTime:0.031250s ]
INFO: [ view_filter ] --START--
INFO: Run Behavior\WriteHtmlCacheBehavior [ RunTime:0.002930s ]
INFO: [ view_filter ] --END-- [ RunTime:0.002930s ]
INFO: [ app_end ] --START--
INFO: Run Behavior\ShowPageTraceBehavior [ RunTime:0.001953s ]
INFO: [ app_end ] --END-- [ RunTime:0.001953s ]

[ 2014-12-20T13:30:38+08:00 ] 127.0.0.1 /itaste/
INFO: [ app_init ] --START--
INFO: Run Behavior\BuildLiteBehavior [ RunTime:0.000976s ]
INFO: [ app_init ] --END-- [ RunTime:0.001953s ]
INFO: [ app_begin ] --START--
INFO: Run Behavior\ReadHtmlCacheBehavior [ RunTime:0.001953s ]
INFO: [ app_begin ] --END-- [ RunTime:0.001953s ]
INFO: [ view_parse ] --START--
INFO: [ template_filter ] --START--
INFO: Run Behavior\ContentReplaceBehavior [ RunTime:0.000000s ]
INFO: [ template_filter ] --END-- [ RunTime:0.000977s ]
INFO: Run Behavior\ParseTemplateBehavior [ RunTime:0.032226s ]
INFO: [ view_parse ] --END-- [ RunTime:0.032226s ]
INFO: [ view_filter ] --START--
INFO: Run Behavior\WriteHtmlCacheBehavior [ RunTime:0.000000s ]
INFO: [ view_filter ] --END-- [ RunTime:0.001953s ]
INFO: [ app_end ] --START--
INFO: Run Behavior\ShowPageTraceBehavior [ RunTime:0.004882s ]
INFO: [ app_end ] --END-- [ RunTime:0.008789s ]

[ 2014-12-20T13:31:16+08:00 ] 127.0.0.1 /itaste/
INFO: [ app_init ] --START--
INFO: Run Behavior\BuildLiteBehavior [ RunTime:0.000000s ]
INFO: [ app_init ] --END-- [ RunTime:0.000977s ]
INFO: [ app_begin ] --START--
INFO: Run Behavior\ReadHtmlCacheBehavior [ RunTime:0.000977s ]
INFO: [ app_begin ] --END-- [ RunTime:0.001954s ]
INFO: [ view_parse ] --START--
INFO: [ template_filter ] --START--
INFO: Run Behavior\ContentReplaceBehavior [ RunTime:0.000976s ]
INFO: [ template_filter ] --END-- [ RunTime:0.000976s ]
INFO: Run Behavior\ParseTemplateBehavior [ RunTime:0.025390s ]
INFO: [ view_parse ] --END-- [ RunTime:0.025390s ]
INFO: [ view_filter ] --START--
INFO: Run Behavior\WriteHtmlCacheBehavior [ RunTime:0.000000s ]
INFO: [ view_filter ] --END-- [ RunTime:0.000976s ]
INFO: [ app_end ] --START--
INFO: Run Behavior\ShowPageTraceBehavior [ RunTime:0.000977s ]
INFO: [ app_end ] --END-- [ RunTime:0.001954s ]

[ 2014-12-20T13:34:41+08:00 ] 127.0.0.1 /itaste/
INFO: [ app_init ] --START--
INFO: Run Behavior\BuildLiteBehavior [ RunTime:0.000000s ]
INFO: [ app_init ] --END-- [ RunTime:0.000976s ]
INFO: [ app_begin ] --START--
INFO: Run Behavior\ReadHtmlCacheBehavior [ RunTime:0.001953s ]
INFO: [ app_begin ] --END-- [ RunTime:0.001953s ]
INFO: [ view_parse ] --START--
INFO: [ template_filter ] --START--
INFO: Run Behavior\ContentReplaceBehavior [ RunTime:0.000976s ]
INFO: [ template_filter ] --END-- [ RunTime:0.000976s ]
INFO: Run Behavior\ParseTemplateBehavior [ RunTime:0.026367s ]
INFO: [ view_parse ] --END-- [ RunTime:0.027343s ]
INFO: [ view_filter ] --START--
INFO: Run Behavior\WriteHtmlCacheBehavior [ RunTime:0.000976s ]
INFO: [ view_filter ] --END-- [ RunTime:0.000976s ]
INFO: [ app_end ] --START--
INFO: Run Behavior\ShowPageTraceBehavior [ RunTime:0.000977s ]
INFO: [ app_end ] --END-- [ RunTime:0.001953s ]

[ 2014-12-20T13:35:04+08:00 ] 127.0.0.1 /itaste/
INFO: [ app_init ] --START--
INFO: Run Behavior\BuildLiteBehavior [ RunTime:0.000000s ]
INFO: [ app_init ] --END-- [ RunTime:0.000000s ]
INFO: [ app_begin ] --START--
INFO: Run Behavior\ReadHtmlCacheBehavior [ RunTime:0.001954s ]
INFO: [ app_begin ] --END-- [ RunTime:0.004883s ]
INFO: [ view_parse ] --START--
INFO: [ template_filter ] --START--
INFO: Run Behavior\ContentReplaceBehavior [ RunTime:0.000976s ]
INFO: [ template_filter ] --END-- [ RunTime:0.000976s ]
INFO: Run Behavior\ParseTemplateBehavior [ RunTime:0.027344s ]
INFO: [ view_parse ] --END-- [ RunTime:0.027344s ]
INFO: [ view_filter ] --START--
INFO: Run Behavior\WriteHtmlCacheBehavior [ RunTime:0.000976s ]
INFO: [ view_filter ] --END-- [ RunTime:0.001953s ]
INFO: [ app_end ] --START--
INFO: Run Behavior\ShowPageTraceBehavior [ RunTime:0.020508s ]
INFO: [ app_end ] --END-- [ RunTime:0.021484s ]

[ 2014-12-20T13:36:03+08:00 ] 127.0.0.1 /itaste/
INFO: [ app_init ] --START--
INFO: Run Behavior\BuildLiteBehavior [ RunTime:0.000000s ]
INFO: [ app_init ] --END-- [ RunTime:0.000976s ]
NOTIC: [8] Use of undefined constant __PCSS__ - assumed '__PCSS__' E:\wamp\www\itaste\Apps\Home\Conf\config.php 第 4 行.
NOTIC: [8] Use of undefined constant __PJS__ - assumed '__PJS__' E:\wamp\www\itaste\Apps\Home\Conf\config.php 第 5 行.
NOTIC: [8] Use of undefined constant __PIMAGES__ - assumed '__PIMAGES__' E:\wamp\www\itaste\Apps\Home\Conf\config.php 第 6 行.
INFO: [ app_begin ] --START--
INFO: Run Behavior\ReadHtmlCacheBehavior [ RunTime:0.001953s ]
INFO: [ app_begin ] --END-- [ RunTime:0.001953s ]
INFO: [ view_parse ] --START--
INFO: [ template_filter ] --START--
INFO: Run Behavior\ContentReplaceBehavior [ RunTime:0.000000s ]
INFO: [ template_filter ] --END-- [ RunTime:0.000976s ]
INFO: Run Behavior\ParseTemplateBehavior [ RunTime:0.023437s ]
INFO: [ view_parse ] --END-- [ RunTime:0.025391s ]
INFO: [ view_filter ] --START--
INFO: Run Behavior\WriteHtmlCacheBehavior [ RunTime:0.000976s ]
INFO: [ view_filter ] --END-- [ RunTime:0.000976s ]
INFO: [ app_end ] --START--
INFO: Run Behavior\ShowPageTraceBehavior [ RunTime:0.000976s ]
INFO: [ app_end ] --END-- [ RunTime:0.001953s ]

[ 2014-12-20T13:36:56+08:00 ] 127.0.0.1 /itaste/
INFO: [ app_init ] --START--
INFO: Run Behavior\BuildLiteBehavior [ RunTime:0.000000s ]
INFO: [ app_init ] --END-- [ RunTime:0.000977s ]
NOTIC: [8] Use of undefined constant __PCSS__ - assumed '__PCSS__' E:\wamp\www\itaste\Apps\Home\Conf\config.php 第 4 行.
NOTIC: [8] Use of undefined constant __PJS__ - assumed '__PJS__' E:\wamp\www\itaste\Apps\Home\Conf\config.php 第 5 行.
NOTIC: [8] Use of undefined constant __PIMAGES__ - assumed '__PIMAGES__' E:\wamp\www\itaste\Apps\Home\Conf\config.php 第 6 行.
INFO: [ app_begin ] --START--
INFO: Run Behavior\ReadHtmlCacheBehavior [ RunTime:0.000977s ]
INFO: [ app_begin ] --END-- [ RunTime:0.001954s ]
INFO: [ view_parse ] --START--
INFO: [ template_filter ] --START--
INFO: Run Behavior\ContentReplaceBehavior [ RunTime:0.000976s ]
INFO: [ template_filter ] --END-- [ RunTime:0.000976s ]
INFO: Run Behavior\ParseTemplateBehavior [ RunTime:0.025390s ]
INFO: [ view_parse ] --END-- [ RunTime:0.025390s ]
INFO: [ view_filter ] --START--
INFO: Run Behavior\WriteHtmlCacheBehavior [ RunTime:0.000000s ]
INFO: [ view_filter ] --END-- [ RunTime:0.000977s ]
INFO: [ app_end ] --START--
INFO: Run Behavior\ShowPageTraceBehavior [ RunTime:0.001954s ]
INFO: [ app_end ] --END-- [ RunTime:0.001954s ]

[ 2014-12-20T13:40:05+08:00 ] 127.0.0.1 /itaste/
INFO: [ app_init ] --START--
INFO: Run Behavior\BuildLiteBehavior [ RunTime:0.000000s ]
INFO: [ app_init ] --END-- [ RunTime:0.000000s ]
NOTIC: [8] Use of undefined constant __PCSS__ - assumed '__PCSS__' E:\wamp\www\itaste\Apps\Home\Conf\config.php 第 4 行.
NOTIC: [8] Use of undefined constant __PJS__ - assumed '__PJS__' E:\wamp\www\itaste\Apps\Home\Conf\config.php 第 5 行.
NOTIC: [8] Use of undefined constant __PIMAGES__ - assumed '__PIMAGES__' E:\wamp\www\itaste\Apps\Home\Conf\config.php 第 6 行.
INFO: [ app_begin ] --START--
INFO: Run Behavior\ReadHtmlCacheBehavior [ RunTime:0.001953s ]
INFO: [ app_begin ] --END-- [ RunTime:0.001953s ]
INFO: [ view_parse ] --START--
INFO: [ template_filter ] --START--
INFO: Run Behavior\ContentReplaceBehavior [ RunTime:0.000000s ]
INFO: [ template_filter ] --END-- [ RunTime:0.000000s ]
INFO: Run Behavior\ParseTemplateBehavior [ RunTime:0.022461s ]
INFO: [ view_parse ] --END-- [ RunTime:0.023438s ]
INFO: [ view_filter ] --START--
INFO: Run Behavior\WriteHtmlCacheBehavior [ RunTime:0.000976s ]
INFO: [ view_filter ] --END-- [ RunTime:0.000976s ]
INFO: [ app_end ] --START--
INFO: Run Behavior\ShowPageTraceBehavior [ RunTime:0.000976s ]
INFO: [ app_end ] --END-- [ RunTime:0.003906s ]

[ 2014-12-20T13:41:40+08:00 ] 127.0.0.1 /itaste/
INFO: [ app_init ] --START--
INFO: Run Behavior\BuildLiteBehavior [ RunTime:0.000000s ]
INFO: [ app_init ] --END-- [ RunTime:0.000000s ]
NOTIC: [8] Use of undefined constant __PCSS__ - assumed '__PCSS__' E:\wamp\www\itaste\Apps\Home\Conf\config.php 第 4 行.
NOTIC: [8] Use of undefined constant __PUBLIC__ - assumed '__PUBLIC__' E:\wamp\www\itaste\Apps\Home\Conf\config.php 第 4 行.
NOTIC: [8] Use of undefined constant __PJS__ - assumed '__PJS__' E:\wamp\www\itaste\Apps\Home\Conf\config.php 第 5 行.
NOTIC: [8] Use of undefined constant __PUBLIC__ - assumed '__PUBLIC__' E:\wamp\www\itaste\Apps\Home\Conf\config.php 第 5 行.
NOTIC: [8] Use of undefined constant __PIMAGES__ - assumed '__PIMAGES__' E:\wamp\www\itaste\Apps\Home\Conf\config.php 第 6 行.
NOTIC: [8] Use of undefined constant __PUBLIC__ - assumed '__PUBLIC__' E:\wamp\www\itaste\Apps\Home\Conf\config.php 第 6 行.
INFO: [ app_begin ] --START--
INFO: Run Behavior\ReadHtmlCacheBehavior [ RunTime:0.000976s ]
INFO: [ app_begin ] --END-- [ RunTime:0.000976s ]
INFO: [ view_parse ] --START--
INFO: [ template_filter ] --START--
INFO: Run Behavior\ContentReplaceBehavior [ RunTime:0.000977s ]
INFO: [ template_filter ] --END-- [ RunTime:0.000977s ]
INFO: Run Behavior\ParseTemplateBehavior [ RunTime:0.046875s ]
INFO: [ view_parse ] --END-- [ RunTime:0.047852s ]
INFO: [ view_filter ] --START--
INFO: Run Behavior\WriteHtmlCacheBehavior [ RunTime:0.001953s ]
INFO: [ view_filter ] --END-- [ RunTime:0.002929s ]
INFO: [ app_end ] --START--
INFO: Run Behavior\ShowPageTraceBehavior [ RunTime:0.000976s ]
INFO: [ app_end ] --END-- [ RunTime:0.001953s ]

[ 2014-12-20T13:41:52+08:00 ] 127.0.0.1 /itaste/
INFO: [ app_init ] --START--
INFO: Run Behavior\BuildLiteBehavior [ RunTime:0.000000s ]
INFO: [ app_init ] --END-- [ RunTime:0.000977s ]
NOTIC: [8] Use of undefined constant __PCSS__ - assumed '__PCSS__' E:\wamp\www\itaste\Apps\Home\Conf\config.php 第 4 行.
NOTIC: [8] Use of undefined constant __PUBLIC__ - assumed '__PUBLIC__' E:\wamp\www\itaste\Apps\Home\Conf\config.php 第 4 行.
NOTIC: [8] Use of undefined constant __PJS__ - assumed '__PJS__' E:\wamp\www\itaste\Apps\Home\Conf\config.php 第 5 行.
NOTIC: [8] Use of undefined constant __PUBLIC__ - assumed '__PUBLIC__' E:\wamp\www\itaste\Apps\Home\Conf\config.php 第 5 行.
NOTIC: [8] Use of undefined constant __PIMAGES__ - assumed '__PIMAGES__' E:\wamp\www\itaste\Apps\Home\Conf\config.php 第 6 行.
NOTIC: [8] Use of undefined constant __PUBLIC__ - assumed '__PUBLIC__' E:\wamp\www\itaste\Apps\Home\Conf\config.php 第 6 行.
INFO: [ app_begin ] --START--
INFO: Run Behavior\ReadHtmlCacheBehavior [ RunTime:0.001954s ]
INFO: [ app_begin ] --END-- [ RunTime:0.001954s ]
INFO: [ view_parse ] --START--
INFO: [ template_filter ] --START--
INFO: Run Behavior\ContentReplaceBehavior [ RunTime:0.000977s ]
INFO: [ template_filter ] --END-- [ RunTime:0.000977s ]
INFO: Run Behavior\ParseTemplateBehavior [ RunTime:0.027344s ]
INFO: [ view_parse ] --END-- [ RunTime:0.028320s ]
INFO: [ view_filter ] --START--
INFO: Run Behavior\WriteHtmlCacheBehavior [ RunTime:0.000977s ]
INFO: [ view_filter ] --END-- [ RunTime:0.000977s ]
INFO: [ app_end ] --START--
INFO: Run Behavior\ShowPageTraceBehavior [ RunTime:0.002930s ]
INFO: [ app_end ] --END-- [ RunTime:0.002930s ]

[ 2014-12-20T13:43:03+08:00 ] 127.0.0.1 /itaste/
INFO: [ app_init ] --START--
INFO: Run Behavior\BuildLiteBehavior [ RunTime:0.000000s ]
INFO: [ app_init ] --END-- [ RunTime:0.000977s ]
NOTIC: [8] Use of undefined constant __PUBLIC__ - assumed '__PUBLIC__' E:\wamp\www\itaste\Apps\Home\Conf\config.php 第 4 行.
NOTIC: [8] Use of undefined constant __PUBLIC__ - assumed '__PUBLIC__' E:\wamp\www\itaste\Apps\Home\Conf\config.php 第 5 行.
NOTIC: [8] Use of undefined constant __PUBLIC__ - assumed '__PUBLIC__' E:\wamp\www\itaste\Apps\Home\Conf\config.php 第 6 行.
INFO: [ app_begin ] --START--
INFO: Run Behavior\ReadHtmlCacheBehavior [ RunTime:0.001953s ]
INFO: [ app_begin ] --END-- [ RunTime:0.001953s ]
INFO: [ view_parse ] --START--
INFO: [ template_filter ] --START--
INFO: Run Behavior\ContentReplaceBehavior [ RunTime:0.000976s ]
INFO: [ template_filter ] --END-- [ RunTime:0.001953s ]
INFO: Run Behavior\ParseTemplateBehavior [ RunTime:0.034180s ]
INFO: [ view_parse ] --END-- [ RunTime:0.034180s ]
INFO: [ view_filter ] --START--
INFO: Run Behavior\WriteHtmlCacheBehavior [ RunTime:0.000976s ]
INFO: [ view_filter ] --END-- [ RunTime:0.001953s ]
INFO: [ app_end ] --START--
INFO: Run Behavior\ShowPageTraceBehavior [ RunTime:0.000977s ]
INFO: [ app_end ] --END-- [ RunTime:0.001954s ]

[ 2014-12-20T13:43:39+08:00 ] 127.0.0.1 /itaste/
INFO: [ app_init ] --START--
INFO: Run Behavior\BuildLiteBehavior [ RunTime:0.000000s ]
INFO: [ app_init ] --END-- [ RunTime:0.000977s ]
NOTIC: [8] Use of undefined constant __PUBLIC__ - assumed '__PUBLIC__' E:\wamp\www\itaste\Apps\Home\Conf\config.php 第 4 行.
NOTIC: [8] Use of undefined constant __PUBLIC__ - assumed '__PUBLIC__' E:\wamp\www\itaste\Apps\Home\Conf\config.php 第 5 行.
NOTIC: [8] Use of undefined constant __PUBLIC__ - assumed '__PUBLIC__' E:\wamp\www\itaste\Apps\Home\Conf\config.php 第 6 行.
INFO: [ app_begin ] --START--
INFO: Run Behavior\ReadHtmlCacheBehavior [ RunTime:0.002929s ]
INFO: [ app_begin ] --END-- [ RunTime:0.003906s ]
INFO: [ view_parse ] --START--
INFO: [ template_filter ] --START--
INFO: Run Behavior\ContentReplaceBehavior [ RunTime:0.000000s ]
INFO: [ template_filter ] --END-- [ RunTime:0.000977s ]
INFO: Run Behavior\ParseTemplateBehavior [ RunTime:0.024414s ]
INFO: [ view_parse ] --END-- [ RunTime:0.024414s ]
INFO: [ view_filter ] --START--
INFO: Run Behavior\WriteHtmlCacheBehavior [ RunTime:0.002930s ]
INFO: [ view_filter ] --END-- [ RunTime:0.002930s ]
INFO: [ app_end ] --START--
INFO: Run Behavior\ShowPageTraceBehavior [ RunTime:0.001953s ]
INFO: [ app_end ] --END-- [ RunTime:0.001953s ]

[ 2014-12-20T13:48:19+08:00 ] 127.0.0.1 /itaste/
INFO: [ app_init ] --START--
INFO: Run Behavior\BuildLiteBehavior [ RunTime:0.000000s ]
INFO: [ app_init ] --END-- [ RunTime:0.000977s ]
INFO: [ app_begin ] --START--
INFO: Run Behavior\ReadHtmlCacheBehavior [ RunTime:0.000976s ]
INFO: [ app_begin ] --END-- [ RunTime:0.001953s ]
INFO: [ view_parse ] --START--
INFO: [ template_filter ] --START--
INFO: Run Behavior\ContentReplaceBehavior [ RunTime:0.000000s ]
INFO: [ template_filter ] --END-- [ RunTime:0.000976s ]
INFO: Run Behavior\ParseTemplateBehavior [ RunTime:0.027344s ]
INFO: [ view_parse ] --END-- [ RunTime:0.028320s ]
INFO: [ view_filter ] --START--
INFO: Run Behavior\WriteHtmlCacheBehavior [ RunTime:0.001953s ]
INFO: [ view_filter ] --END-- [ RunTime:0.001953s ]
INFO: [ app_end ] --START--
INFO: Run Behavior\ShowPageTraceBehavior [ RunTime:0.002930s ]
INFO: [ app_end ] --END-- [ RunTime:0.003906s ]

[ 2014-12-20T13:49:04+08:00 ] 127.0.0.1 /itaste/
INFO: [ app_init ] --START--
INFO: Run Behavior\BuildLiteBehavior [ RunTime:0.000000s ]
INFO: [ app_init ] --END-- [ RunTime:0.000976s ]
INFO: [ app_begin ] --START--
INFO: Run Behavior\ReadHtmlCacheBehavior [ RunTime:0.000977s ]
INFO: [ app_begin ] --END-- [ RunTime:0.000977s ]
INFO: [ view_parse ] --START--
INFO: [ template_filter ] --START--
INFO: Run Behavior\ContentReplaceBehavior [ RunTime:0.000000s ]
INFO: [ template_filter ] --END-- [ RunTime:0.000977s ]
INFO: Run Behavior\ParseTemplateBehavior [ RunTime:0.029297s ]
INFO: [ view_parse ] --END-- [ RunTime:0.030274s ]
INFO: [ view_filter ] --START--
INFO: Run Behavior\WriteHtmlCacheBehavior [ RunTime:0.000977s ]
INFO: [ view_filter ] --END-- [ RunTime:0.001953s ]
INFO: [ app_end ] --START--
INFO: Run Behavior\ShowPageTraceBehavior [ RunTime:0.002930s ]
INFO: [ app_end ] --END-- [ RunTime:0.005860s ]

[ 2014-12-20T13:49:20+08:00 ] 127.0.0.1 /itaste/
INFO: [ app_init ] --START--
INFO: Run Behavior\BuildLiteBehavior [ RunTime:0.000000s ]
INFO: [ app_init ] --END-- [ RunTime:0.000977s ]
INFO: [ app_begin ] --START--
INFO: Run Behavior\ReadHtmlCacheBehavior [ RunTime:0.001954s ]
INFO: [ app_begin ] --END-- [ RunTime:0.001954s ]
INFO: [ view_parse ] --START--
INFO: [ template_filter ] --START--
INFO: Run Behavior\ContentReplaceBehavior [ RunTime:0.000976s ]
INFO: [ template_filter ] --END-- [ RunTime:0.000976s ]
INFO: Run Behavior\ParseTemplateBehavior [ RunTime:0.025391s ]
INFO: [ view_parse ] --END-- [ RunTime:0.025391s ]
INFO: [ view_filter ] --START--
INFO: Run Behavior\WriteHtmlCacheBehavior [ RunTime:0.000976s ]
INFO: [ view_filter ] --END-- [ RunTime:0.001953s ]
INFO: [ app_end ] --START--
INFO: Run Behavior\ShowPageTraceBehavior [ RunTime:0.009766s ]
INFO: [ app_end ] --END-- [ RunTime:0.009766s ]

[ 2014-12-20T13:50:49+08:00 ] 127.0.0.1 /itaste/
INFO: [ app_init ] --START--
INFO: Run Behavior\BuildLiteBehavior [ RunTime:0.000000s ]
INFO: [ app_init ] --END-- [ RunTime:0.000000s ]
INFO: [ app_begin ] --START--
INFO: Run Behavior\ReadHtmlCacheBehavior [ RunTime:0.002930s ]
INFO: [ app_begin ] --END-- [ RunTime:0.003906s ]
INFO: [ view_parse ] --START--
INFO: [ template_filter ] --START--
INFO: Run Behavior\ContentReplaceBehavior [ RunTime:0.000000s ]
INFO: [ template_filter ] --END-- [ RunTime:0.001953s ]
INFO: Run Behavior\ParseTemplateBehavior [ RunTime:0.024414s ]
INFO: [ view_parse ] --END-- [ RunTime:0.024414s ]
INFO: [ view_filter ] --START--
INFO: Run Behavior\WriteHtmlCacheBehavior [ RunTime:0.000000s ]
INFO: [ view_filter ] --END-- [ RunTime:0.002929s ]
INFO: [ app_end ] --START--
INFO: Run Behavior\ShowPageTraceBehavior [ RunTime:0.002929s ]
INFO: [ app_end ] --END-- [ RunTime:0.002929s ]

[ 2014-12-20T13:51:40+08:00 ] 127.0.0.1 /itaste/
INFO: [ app_init ] --START--
INFO: Run Behavior\BuildLiteBehavior [ RunTime:0.000000s ]
INFO: [ app_init ] --END-- [ RunTime:0.000977s ]
INFO: [ app_begin ] --START--
INFO: Run Behavior\ReadHtmlCacheBehavior [ RunTime:0.001953s ]
INFO: [ app_begin ] --END-- [ RunTime:0.002929s ]
INFO: [ view_parse ] --START--
INFO: [ template_filter ] --START--
INFO: Run Behavior\ContentReplaceBehavior [ RunTime:0.000000s ]
INFO: [ template_filter ] --END-- [ RunTime:0.001953s ]
INFO: Run Behavior\ParseTemplateBehavior [ RunTime:0.028320s ]
INFO: [ view_parse ] --END-- [ RunTime:0.028320s ]
INFO: [ view_filter ] --START--
INFO: Run Behavior\WriteHtmlCacheBehavior [ RunTime:0.000976s ]
INFO: [ view_filter ] --END-- [ RunTime:0.001953s ]
INFO: [ app_end ] --START--
INFO: Run Behavior\ShowPageTraceBehavior [ RunTime:0.002930s ]
INFO: [ app_end ] --END-- [ RunTime:0.004883s ]

[ 2014-12-20T13:51:59+08:00 ] 127.0.0.1 /itaste/
INFO: [ app_init ] --START--
INFO: Run Behavior\BuildLiteBehavior [ RunTime:0.000977s ]
INFO: [ app_init ] --END-- [ RunTime:0.000977s ]
INFO: [ app_begin ] --START--
INFO: Run Behavior\ReadHtmlCacheBehavior [ RunTime:0.000977s ]
INFO: [ app_begin ] --END-- [ RunTime:0.000977s ]
INFO: [ view_parse ] --START--
INFO: [ template_filter ] --START--
INFO: Run Behavior\ContentReplaceBehavior [ RunTime:0.000977s ]
INFO: [ template_filter ] --END-- [ RunTime:0.000977s ]
INFO: Run Behavior\ParseTemplateBehavior [ RunTime:0.024414s ]
INFO: [ view_parse ] --END-- [ RunTime:0.025391s ]
INFO: [ view_filter ] --START--
INFO: Run Behavior\WriteHtmlCacheBehavior [ RunTime:0.000976s ]
INFO: [ view_filter ] --END-- [ RunTime:0.001953s ]
INFO: [ app_end ] --START--
INFO: Run Behavior\ShowPageTraceBehavior [ RunTime:0.000977s ]
INFO: [ app_end ] --END-- [ RunTime:0.000977s ]

[ 2014-12-20T13:52:08+08:00 ] 127.0.0.1 /itaste/
INFO: [ app_init ] --START--
INFO: Run Behavior\BuildLiteBehavior [ RunTime:0.000000s ]
INFO: [ app_init ] --END-- [ RunTime:0.000977s ]
INFO: [ app_begin ] --START--
INFO: Run Behavior\ReadHtmlCacheBehavior [ RunTime:0.000977s ]
INFO: [ app_begin ] --END-- [ RunTime:0.002930s ]
INFO: [ view_parse ] --START--
INFO: [ template_filter ] --START--
INFO: Run Behavior\ContentReplaceBehavior [ RunTime:0.000976s ]
INFO: [ template_filter ] --END-- [ RunTime:0.004883s ]
INFO: Run Behavior\ParseTemplateBehavior [ RunTime:0.033203s ]
INFO: [ view_parse ] --END-- [ RunTime:0.034180s ]
INFO: [ view_filter ] --START--
INFO: Run Behavior\WriteHtmlCacheBehavior [ RunTime:0.000976s ]
INFO: [ view_filter ] --END-- [ RunTime:0.001953s ]
INFO: [ app_end ] --START--
INFO: Run Behavior\ShowPageTraceBehavior [ RunTime:0.001953s ]
INFO: [ app_end ] --END-- [ RunTime:0.001953s ]

[ 2014-12-20T13:52:52+08:00 ] 127.0.0.1 /itaste/
INFO: [ app_init ] --START--
INFO: Run Behavior\BuildLiteBehavior [ RunTime:0.000000s ]
INFO: [ app_init ] --END-- [ RunTime:0.000977s ]
INFO: [ app_begin ] --START--
INFO: Run Behavior\ReadHtmlCacheBehavior [ RunTime:0.000977s ]
INFO: [ app_begin ] --END-- [ RunTime:0.001954s ]
INFO: [ view_parse ] --START--
INFO: [ template_filter ] --START--
INFO: Run Behavior\ContentReplaceBehavior [ RunTime:0.000000s ]
INFO: [ template_filter ] --END-- [ RunTime:0.000977s ]
INFO: Run Behavior\ParseTemplateBehavior [ RunTime:0.024414s ]
INFO: [ view_parse ] --END-- [ RunTime:0.026368s ]
INFO: [ view_filter ] --START--
INFO: Run Behavior\WriteHtmlCacheBehavior [ RunTime:0.001953s ]
INFO: [ view_filter ] --END-- [ RunTime:0.002929s ]
INFO: [ app_end ] --START--
INFO: Run Behavior\ShowPageTraceBehavior [ RunTime:0.000976s ]
INFO: [ app_end ] --END-- [ RunTime:0.001953s ]

[ 2014-12-20T13:53:42+08:00 ] 127.0.0.1 /itaste/
INFO: [ app_init ] --START--
INFO: Run Behavior\BuildLiteBehavior [ RunTime:0.000000s ]
INFO: [ app_init ] --END-- [ RunTime:0.001953s ]
INFO: [ app_begin ] --START--
INFO: Run Behavior\ReadHtmlCacheBehavior [ RunTime:0.000976s ]
INFO: [ app_begin ] --END-- [ RunTime:0.001953s ]
INFO: [ view_parse ] --START--
INFO: [ template_filter ] --START--
INFO: Run Behavior\ContentReplaceBehavior [ RunTime:0.000976s ]
INFO: [ template_filter ] --END-- [ RunTime:0.000976s ]
INFO: Run Behavior\ParseTemplateBehavior [ RunTime:0.046875s ]
INFO: [ view_parse ] --END-- [ RunTime:0.046875s ]
INFO: [ view_filter ] --START--
INFO: Run Behavior\WriteHtmlCacheBehavior [ RunTime:0.000976s ]
INFO: [ view_filter ] --END-- [ RunTime:0.000976s ]
INFO: [ app_end ] --START--
INFO: Run Behavior\ShowPageTraceBehavior [ RunTime:0.001953s ]
INFO: [ app_end ] --END-- [ RunTime:0.001953s ]

[ 2014-12-20T13:54:34+08:00 ] 127.0.0.1 /itaste/
INFO: [ app_init ] --START--
INFO: Run Behavior\BuildLiteBehavior [ RunTime:0.000977s ]
INFO: [ app_init ] --END-- [ RunTime:0.001953s ]
INFO: [ app_begin ] --START--
INFO: Run Behavior\ReadHtmlCacheBehavior [ RunTime:0.001953s ]
INFO: [ app_begin ] --END-- [ RunTime:0.001953s ]
INFO: [ view_parse ] --START--
INFO: [ template_filter ] --START--
INFO: Run Behavior\ContentReplaceBehavior [ RunTime:0.000000s ]
INFO: [ template_filter ] --END-- [ RunTime:0.001953s ]
INFO: Run Behavior\ParseTemplateBehavior [ RunTime:0.040039s ]
INFO: [ view_parse ] --END-- [ RunTime:0.041015s ]
INFO: [ view_filter ] --START--
INFO: Run Behavior\WriteHtmlCacheBehavior [ RunTime:0.000977s ]
INFO: [ view_filter ] --END-- [ RunTime:0.000977s ]
INFO: [ app_end ] --START--
INFO: Run Behavior\ShowPageTraceBehavior [ RunTime:0.000976s ]
INFO: [ app_end ] --END-- [ RunTime:0.001953s ]

[ 2014-12-20T13:57:34+08:00 ] 127.0.0.1 /itaste/
INFO: [ app_init ] --START--
INFO: Run Behavior\BuildLiteBehavior [ RunTime:0.000000s ]
INFO: [ app_init ] --END-- [ RunTime:0.000977s ]
INFO: [ app_begin ] --START--
INFO: Run Behavior\ReadHtmlCacheBehavior [ RunTime:0.001954s ]
INFO: [ app_begin ] --END-- [ RunTime:0.002930s ]
INFO: [ view_parse ] --START--
INFO: [ template_filter ] --START--
INFO: Run Behavior\ContentReplaceBehavior [ RunTime:0.000977s ]
INFO: [ template_filter ] --END-- [ RunTime:0.000977s ]
INFO: Run Behavior\ParseTemplateBehavior [ RunTime:0.027344s ]
INFO: [ view_parse ] --END-- [ RunTime:0.028320s ]
INFO: [ view_filter ] --START--
INFO: Run Behavior\WriteHtmlCacheBehavior [ RunTime:0.000977s ]
INFO: [ view_filter ] --END-- [ RunTime:0.000977s ]
INFO: [ app_end ] --START--
INFO: Run Behavior\ShowPageTraceBehavior [ RunTime:0.005860s ]
INFO: [ app_end ] --END-- [ RunTime:0.005860s ]

[ 2014-12-20T14:00:00+08:00 ] 192.88.26.146 /itaste/
INFO: [ app_init ] --START--
INFO: Run Behavior\BuildLiteBehavior [ RunTime:0.000000s ]
INFO: [ app_init ] --END-- [ RunTime:0.074219s ]
INFO: [ app_begin ] --START--
INFO: Run Behavior\ReadHtmlCacheBehavior [ RunTime:0.000976s ]
INFO: [ app_begin ] --END-- [ RunTime:0.001953s ]
INFO: [ view_parse ] --START--
INFO: [ template_filter ] --START--
INFO: Run Behavior\ContentReplaceBehavior [ RunTime:0.000977s ]
INFO: [ template_filter ] --END-- [ RunTime:0.000977s ]
INFO: Run Behavior\ParseTemplateBehavior [ RunTime:0.041015s ]
INFO: [ view_parse ] --END-- [ RunTime:0.041015s ]
INFO: [ view_filter ] --START--
INFO: Run Behavior\WriteHtmlCacheBehavior [ RunTime:0.012696s ]
INFO: [ view_filter ] --END-- [ RunTime:0.012696s ]
INFO: [ app_end ] --START--
INFO: Run Behavior\ShowPageTraceBehavior [ RunTime:0.001953s ]
INFO: [ app_end ] --END-- [ RunTime:0.001953s ]

[ 2014-12-20T14:00:23+08:00 ] 192.88.26.146 /itaste/
INFO: [ app_init ] --START--
INFO: Run Behavior\BuildLiteBehavior [ RunTime:0.000000s ]
INFO: [ app_init ] --END-- [ RunTime:0.000977s ]
INFO: [ app_begin ] --START--
INFO: Run Behavior\ReadHtmlCacheBehavior [ RunTime:0.001953s ]
INFO: [ app_begin ] --END-- [ RunTime:0.002930s ]
INFO: [ view_parse ] --START--
INFO: [ template_filter ] --START--
INFO: Run Behavior\ContentReplaceBehavior [ RunTime:0.000976s ]
INFO: [ template_filter ] --END-- [ RunTime:0.000976s ]
INFO: Run Behavior\ParseTemplateBehavior [ RunTime:0.040039s ]
INFO: [ view_parse ] --END-- [ RunTime:0.041015s ]
INFO: [ view_filter ] --START--
INFO: Run Behavior\WriteHtmlCacheBehavior [ RunTime:0.000977s ]
INFO: [ view_filter ] --END-- [ RunTime:0.000977s ]
INFO: [ app_end ] --START--
INFO: Run Behavior\ShowPageTraceBehavior [ RunTime:0.001953s ]
INFO: [ app_end ] --END-- [ RunTime:0.001953s ]

[ 2014-12-20T14:03:02+08:00 ] 192.88.26.146 /itaste/
INFO: [ app_init ] --START--
INFO: Run Behavior\BuildLiteBehavior [ RunTime:0.000000s ]
INFO: [ app_init ] --END-- [ RunTime:0.000977s ]
INFO: [ app_begin ] --START--
INFO: Run Behavior\ReadHtmlCacheBehavior [ RunTime:0.000976s ]
INFO: [ app_begin ] --END-- [ RunTime:0.002930s ]
INFO: [ view_parse ] --START--
INFO: [ template_filter ] --START--
INFO: Run Behavior\ContentReplaceBehavior [ RunTime:0.000977s ]
INFO: [ template_filter ] --END-- [ RunTime:0.000977s ]
INFO: Run Behavior\ParseTemplateBehavior [ RunTime:0.029297s ]
INFO: [ view_parse ] --END-- [ RunTime:0.031250s ]
INFO: [ view_filter ] --START--
INFO: Run Behavior\WriteHtmlCacheBehavior [ RunTime:0.000977s ]
INFO: [ view_filter ] --END-- [ RunTime:0.000977s ]
INFO: [ app_end ] --START--
INFO: Run Behavior\ShowPageTraceBehavior [ RunTime:0.007812s ]
INFO: [ app_end ] --END-- [ RunTime:0.007812s ]

[ 2014-12-20T14:08:48+08:00 ] 192.88.26.146 /itaste/
INFO: [ app_init ] --START--
INFO: Run Behavior\BuildLiteBehavior [ RunTime:0.000000s ]
INFO: [ app_init ] --END-- [ RunTime:0.000977s ]
INFO: [ app_begin ] --START--
INFO: Run Behavior\ReadHtmlCacheBehavior [ RunTime:0.000977s ]
INFO: [ app_begin ] --END-- [ RunTime:0.000977s ]
INFO: [ view_parse ] --START--
INFO: [ template_filter ] --START--
INFO: Run Behavior\ContentReplaceBehavior [ RunTime:0.000976s ]
INFO: [ template_filter ] --END-- [ RunTime:0.000976s ]
INFO: Run Behavior\ParseTemplateBehavior [ RunTime:0.028321s ]
INFO: [ view_parse ] --END-- [ RunTime:0.030274s ]
INFO: [ view_filter ] --START--
INFO: Run Behavior\WriteHtmlCacheBehavior [ RunTime:0.000977s ]
INFO: [ view_filter ] --END-- [ RunTime:0.000977s ]
INFO: [ app_end ] --START--
INFO: Run Behavior\ShowPageTraceBehavior [ RunTime:0.001953s ]
INFO: [ app_end ] --END-- [ RunTime:0.002930s ]

[ 2014-12-20T14:09:12+08:00 ] 192.88.26.146 /itaste/
INFO: [ app_init ] --START--
INFO: Run Behavior\BuildLiteBehavior [ RunTime:0.000000s ]
INFO: [ app_init ] --END-- [ RunTime:0.000976s ]
INFO: [ app_begin ] --START--
INFO: Run Behavior\ReadHtmlCacheBehavior [ RunTime:0.000977s ]
INFO: [ app_begin ] --END-- [ RunTime:0.000977s ]
INFO: [ view_parse ] --START--
INFO: [ template_filter ] --START--
INFO: Run Behavior\ContentReplaceBehavior [ RunTime:0.000977s ]
INFO: [ template_filter ] --END-- [ RunTime:0.000977s ]
INFO: Run Behavior\ParseTemplateBehavior [ RunTime:0.024414s ]
INFO: [ view_parse ] --END-- [ RunTime:0.025391s ]
INFO: [ view_filter ] --START--
INFO: Run Behavior\WriteHtmlCacheBehavior [ RunTime:0.000000s ]
INFO: [ view_filter ] --END-- [ RunTime:0.001953s ]
INFO: [ app_end ] --START--
INFO: Run Behavior\ShowPageTraceBehavior [ RunTime:0.008789s ]
INFO: [ app_end ] --END-- [ RunTime:0.009766s ]

[ 2014-12-20T14:09:41+08:00 ] 192.88.26.146 /itaste/
INFO: [ app_init ] --START--
INFO: Run Behavior\BuildLiteBehavior [ RunTime:0.000000s ]
INFO: [ app_init ] --END-- [ RunTime:0.000976s ]
INFO: [ app_begin ] --START--
INFO: Run Behavior\ReadHtmlCacheBehavior [ RunTime:0.002930s ]
INFO: [ app_begin ] --END-- [ RunTime:0.002930s ]
INFO: [ view_parse ] --START--
INFO: [ template_filter ] --START--
INFO: Run Behavior\ContentReplaceBehavior [ RunTime:0.000977s ]
INFO: [ template_filter ] --END-- [ RunTime:0.000977s ]
INFO: Run Behavior\ParseTemplateBehavior [ RunTime:0.025391s ]
INFO: [ view_parse ] --END-- [ RunTime:0.026367s ]
INFO: [ view_filter ] --START--
INFO: Run Behavior\WriteHtmlCacheBehavior [ RunTime:0.000977s ]
INFO: [ view_filter ] --END-- [ RunTime:0.000977s ]
INFO: [ app_end ] --START--
INFO: Run Behavior\ShowPageTraceBehavior [ RunTime:0.001954s ]
INFO: [ app_end ] --END-- [ RunTime:0.002930s ]

[ 2014-12-20T14:10:08+08:00 ] 192.88.26.146 /itaste/
INFO: [ app_init ] --START--
INFO: Run Behavior\BuildLiteBehavior [ RunTime:0.000000s ]
INFO: [ app_init ] --END-- [ RunTime:0.000976s ]
INFO: [ app_begin ] --START--
INFO: Run Behavior\ReadHtmlCacheBehavior [ RunTime:0.000976s ]
INFO: [ app_begin ] --END-- [ RunTime:0.001953s ]
INFO: [ view_parse ] --START--
INFO: [ template_filter ] --START--
INFO: Run Behavior\ContentReplaceBehavior [ RunTime:0.000977s ]
INFO: [ template_filter ] --END-- [ RunTime:0.000977s ]
INFO: Run Behavior\ParseTemplateBehavior [ RunTime:0.026367s ]
INFO: [ view_parse ] --END-- [ RunTime:0.027344s ]
INFO: [ view_filter ] --START--
INFO: Run Behavior\WriteHtmlCacheBehavior [ RunTime:0.000976s ]
INFO: [ view_filter ] --END-- [ RunTime:0.000976s ]
INFO: [ app_end ] --START--
INFO: Run Behavior\ShowPageTraceBehavior [ RunTime:0.000977s ]
INFO: [ app_end ] --END-- [ RunTime:0.004883s ]

[ 2014-12-20T14:10:20+08:00 ] 192.88.26.146 /itaste/
INFO: [ app_init ] --START--
INFO: Run Behavior\BuildLiteBehavior [ RunTime:0.000000s ]
INFO: [ app_init ] --END-- [ RunTime:0.000976s ]
INFO: [ app_begin ] --START--
INFO: Run Behavior\ReadHtmlCacheBehavior [ RunTime:0.005860s ]
INFO: [ app_begin ] --END-- [ RunTime:0.006836s ]
INFO: [ view_parse ] --START--
INFO: [ template_filter ] --START--
INFO: Run Behavior\ContentReplaceBehavior [ RunTime:0.002930s ]
INFO: [ template_filter ] --END-- [ RunTime:0.002930s ]
INFO: Run Behavior\ParseTemplateBehavior [ RunTime:0.026367s ]
INFO: [ view_parse ] --END-- [ RunTime:0.026367s ]
INFO: [ view_filter ] --START--
INFO: Run Behavior\WriteHtmlCacheBehavior [ RunTime:0.000000s ]
INFO: [ view_filter ] --END-- [ RunTime:0.001953s ]
INFO: [ app_end ] --START--
INFO: Run Behavior\ShowPageTraceBehavior [ RunTime:0.004883s ]
INFO: [ app_end ] --END-- [ RunTime:0.005859s ]

[ 2014-12-20T14:11:05+08:00 ] 192.88.26.146 /itaste/
INFO: [ app_init ] --START--
INFO: Run Behavior\BuildLiteBehavior [ RunTime:0.000000s ]
INFO: [ app_init ] --END-- [ RunTime:0.001953s ]
INFO: [ app_begin ] --START--
INFO: Run Behavior\ReadHtmlCacheBehavior [ RunTime:0.000976s ]
INFO: [ app_begin ] --END-- [ RunTime:0.001953s ]
INFO: [ view_parse ] --START--
INFO: [ template_filter ] --START--
INFO: Run Behavior\ContentReplaceBehavior [ RunTime:0.000977s ]
INFO: [ template_filter ] --END-- [ RunTime:0.001953s ]
INFO: Run Behavior\ParseTemplateBehavior [ RunTime:0.029297s ]
INFO: [ view_parse ] --END-- [ RunTime:0.029297s ]
INFO: [ view_filter ] --START--
INFO: Run Behavior\WriteHtmlCacheBehavior [ RunTime:0.002930s ]
INFO: [ view_filter ] --END-- [ RunTime:0.003906s ]
INFO: [ app_end ] --START--
INFO: Run Behavior\ShowPageTraceBehavior [ RunTime:0.001953s ]
INFO: [ app_end ] --END-- [ RunTime:0.001953s ]

[ 2014-12-20T14:12:37+08:00 ] 192.88.26.146 /itaste/
INFO: [ app_init ] --START--
INFO: Run Behavior\BuildLiteBehavior [ RunTime:0.000000s ]
INFO: [ app_init ] --END-- [ RunTime:0.000976s ]
INFO: [ app_begin ] --START--
INFO: Run Behavior\ReadHtmlCacheBehavior [ RunTime:0.003907s ]
INFO: [ app_begin ] --END-- [ RunTime:0.003907s ]
INFO: [ view_parse ] --START--
INFO: [ template_filter ] --START--
INFO: Run Behavior\ContentReplaceBehavior [ RunTime:0.000977s ]
INFO: [ template_filter ] --END-- [ RunTime:0.001954s ]
INFO: Run Behavior\ParseTemplateBehavior [ RunTime:0.027344s ]
INFO: [ view_parse ] --END-- [ RunTime:0.027344s ]
INFO: [ view_filter ] --START--
INFO: Run Behavior\WriteHtmlCacheBehavior [ RunTime:0.000977s ]
INFO: [ view_filter ] --END-- [ RunTime:0.000977s ]
INFO: [ app_end ] --START--
INFO: Run Behavior\ShowPageTraceBehavior [ RunTime:0.001953s ]
INFO: [ app_end ] --END-- [ RunTime:0.001953s ]

[ 2014-12-20T14:12:39+08:00 ] 192.88.26.146 /itaste/
INFO: [ app_init ] --START--
INFO: Run Behavior\BuildLiteBehavior [ RunTime:0.000000s ]
INFO: [ app_init ] --END-- [ RunTime:0.001953s ]
INFO: [ app_begin ] --START--
INFO: Run Behavior\ReadHtmlCacheBehavior [ RunTime:0.000976s ]
INFO: [ app_begin ] --END-- [ RunTime:0.001953s ]
INFO: [ view_parse ] --START--
INFO: [ template_filter ] --START--
INFO: Run Behavior\ContentReplaceBehavior [ RunTime:0.000000s ]
INFO: [ template_filter ] --END-- [ RunTime:0.000976s ]
INFO: Run Behavior\ParseTemplateBehavior [ RunTime:0.023438s ]
INFO: [ view_parse ] --END-- [ RunTime:0.024414s ]
INFO: [ view_filter ] --START--
INFO: Run Behavior\WriteHtmlCacheBehavior [ RunTime:0.000977s ]
INFO: [ view_filter ] --END-- [ RunTime:0.000977s ]
INFO: [ app_end ] --START--
INFO: Run Behavior\ShowPageTraceBehavior [ RunTime:0.020508s ]
INFO: [ app_end ] --END-- [ RunTime:0.021485s ]

[ 2014-12-20T14:12:47+08:00 ] 192.88.26.146 /itaste/
INFO: [ app_init ] --START--
INFO: Run Behavior\BuildLiteBehavior [ RunTime:0.000000s ]
INFO: [ app_init ] --END-- [ RunTime:0.000976s ]
INFO: [ app_begin ] --START--
INFO: Run Behavior\ReadHtmlCacheBehavior [ RunTime:0.000976s ]
INFO: [ app_begin ] --END-- [ RunTime:0.001953s ]
INFO: [ view_parse ] --START--
INFO: [ template_filter ] --START--
INFO: Run Behavior\ContentReplaceBehavior [ RunTime:0.000977s ]
INFO: [ template_filter ] --END-- [ RunTime:0.000977s ]
INFO: Run Behavior\ParseTemplateBehavior [ RunTime:0.028321s ]
INFO: [ view_parse ] --END-- [ RunTime:0.028321s ]
INFO: [ view_filter ] --START--
INFO: Run Behavior\WriteHtmlCacheBehavior [ RunTime:0.000976s ]
INFO: [ view_filter ] --END-- [ RunTime:0.000976s ]
INFO: [ app_end ] --START--
INFO: Run Behavior\ShowPageTraceBehavior [ RunTime:0.000976s ]
INFO: [ app_end ] --END-- [ RunTime:0.005860s ]

[ 2014-12-20T14:13:28+08:00 ] 192.88.26.146 /itaste/
INFO: [ app_init ] --START--
INFO: Run Behavior\BuildLiteBehavior [ RunTime:0.000000s ]
INFO: [ app_init ] --END-- [ RunTime:0.002930s ]
INFO: [ app_begin ] --START--
INFO: Run Behavior\ReadHtmlCacheBehavior [ RunTime:0.000977s ]
INFO: [ app_begin ] --END-- [ RunTime:0.003907s ]
INFO: [ view_parse ] --START--
INFO: [ template_filter ] --START--
INFO: Run Behavior\ContentReplaceBehavior [ RunTime:0.000977s ]
INFO: [ template_filter ] --END-- [ RunTime:0.000977s ]
INFO: Run Behavior\ParseTemplateBehavior [ RunTime:0.034180s ]
INFO: [ view_parse ] --END-- [ RunTime:0.034180s ]
INFO: [ view_filter ] --START--
INFO: Run Behavior\WriteHtmlCacheBehavior [ RunTime:0.001953s ]
INFO: [ view_filter ] --END-- [ RunTime:0.002929s ]
INFO: [ app_end ] --START--
INFO: Run Behavior\ShowPageTraceBehavior [ RunTime:0.002930s ]
INFO: [ app_end ] --END-- [ RunTime:0.026367s ]

[ 2014-12-20T14:13:29+08:00 ] 192.88.26.146 /itaste/
INFO: [ app_init ] --START--
INFO: Run Behavior\BuildLiteBehavior [ RunTime:0.000000s ]
INFO: [ app_init ] --END-- [ RunTime:0.000977s ]
INFO: [ app_begin ] --START--
INFO: Run Behavior\ReadHtmlCacheBehavior [ RunTime:0.000977s ]
INFO: [ app_begin ] --END-- [ RunTime:0.001953s ]
INFO: [ view_parse ] --START--
INFO: [ template_filter ] --START--
INFO: Run Behavior\ContentReplaceBehavior [ RunTime:0.000976s ]
INFO: [ template_filter ] --END-- [ RunTime:0.000976s ]
INFO: Run Behavior\ParseTemplateBehavior [ RunTime:0.047852s ]
INFO: [ view_parse ] --END-- [ RunTime:0.047852s ]
INFO: [ view_filter ] --START--
INFO: Run Behavior\WriteHtmlCacheBehavior [ RunTime:0.000976s ]
INFO: [ view_filter ] --END-- [ RunTime:0.000976s ]
INFO: [ app_end ] --START--
INFO: Run Behavior\ShowPageTraceBehavior [ RunTime:0.000976s ]
INFO: [ app_end ] --END-- [ RunTime:0.002930s ]

[ 2014-12-20T14:16:24+08:00 ] 192.88.26.146 /itaste/
INFO: [ app_init ] --START--
INFO: Run Behavior\BuildLiteBehavior [ RunTime:0.000000s ]
INFO: [ app_init ] --END-- [ RunTime:0.001953s ]
INFO: [ app_begin ] --START--
INFO: Run Behavior\ReadHtmlCacheBehavior [ RunTime:0.001953s ]
INFO: [ app_begin ] --END-- [ RunTime:0.001953s ]
INFO: [ view_parse ] --START--
INFO: [ template_filter ] --START--
INFO: Run Behavior\ContentReplaceBehavior [ RunTime:0.000976s ]
INFO: [ template_filter ] --END-- [ RunTime:0.000976s ]
INFO: Run Behavior\ParseTemplateBehavior [ RunTime:0.036133s ]
INFO: [ view_parse ] --END-- [ RunTime:0.036133s ]
INFO: [ view_filter ] --START--
INFO: Run Behavior\WriteHtmlCacheBehavior [ RunTime:0.000977s ]
INFO: [ view_filter ] --END-- [ RunTime:0.000977s ]
INFO: [ app_end ] --START--
INFO: Run Behavior\ShowPageTraceBehavior [ RunTime:0.008789s ]
INFO: [ app_end ] --END-- [ RunTime:0.010742s ]

[ 2014-12-20T14:16:26+08:00 ] 192.88.26.146 /itaste/
INFO: [ app_init ] --START--
INFO: Run Behavior\BuildLiteBehavior [ RunTime:0.000000s ]
INFO: [ app_init ] --END-- [ RunTime:0.000976s ]
INFO: [ app_begin ] --START--
INFO: Run Behavior\ReadHtmlCacheBehavior [ RunTime:0.000977s ]
INFO: [ app_begin ] --END-- [ RunTime:0.001953s ]
INFO: [ view_parse ] --START--
INFO: [ template_filter ] --START--
INFO: Run Behavior\ContentReplaceBehavior [ RunTime:0.000977s ]
INFO: [ template_filter ] --END-- [ RunTime:0.000977s ]
INFO: Run Behavior\ParseTemplateBehavior [ RunTime:0.041992s ]
INFO: [ view_parse ] --END-- [ RunTime:0.041992s ]
INFO: [ view_filter ] --START--
INFO: Run Behavior\WriteHtmlCacheBehavior [ RunTime:0.000976s ]
INFO: [ view_filter ] --END-- [ RunTime:0.000976s ]
INFO: [ app_end ] --START--
INFO: Run Behavior\ShowPageTraceBehavior [ RunTime:0.001953s ]
INFO: [ app_end ] --END-- [ RunTime:0.001953s ]

